{
  "stats": {
    "suites": 1,
    "tests": 10,
    "passes": 10,
    "pending": 0,
    "failures": 0,
    "start": "2023-12-05T10:01:06.124Z",
    "end": "2023-12-05T10:01:09.423Z",
    "duration": 3299,
    "testsRegistered": 10,
    "passPercent": 100,
    "pendingPercent": 0,
    "other": 0,
    "hasOther": false,
    "skipped": 0,
    "hasSkipped": false
  },
  "results": [
    {
      "uuid": "6a7d9d46-f1d3-4f08-b13e-d68b4528904a",
      "title": "",
      "fullFile": "cypress/integration/challenges.spec.js",
      "file": "cypress/integration/challenges.spec.js",
      "beforeHooks": [],
      "afterHooks": [],
      "tests": [],
      "suites": [
        {
          "uuid": "41324811-71f8-48d6-ba1e-d432305ce62e",
          "title": "Hacking Challenges Spree",
          "fullFile": "",
          "file": "",
          "beforeHooks": [],
          "afterHooks": [],
          "tests": [
            {
              "title": "First Challenge",
              "fullTitle": "Hacking Challenges Spree First Challenge",
              "timedOut": null,
              "duration": 649,
              "state": "passed",
              "speed": "slow",
              "pass": true,
              "fail": false,
              "pending": false,
              "context": null,
              "code": "startpage.normalChallenge().click();\nfirstpage.validateChallengeOneHeading();\nfirstpage.enterPassword();\nfirstpage.submit();",
              "err": {},
              "uuid": "97805081-1130-4fa3-a72e-15f8b06634d8",
              "parentUUID": "41324811-71f8-48d6-ba1e-d432305ce62e",
              "isHook": false,
              "skipped": false
            },
            {
              "title": "Second Challenge",
              "fullTitle": "Hacking Challenges Spree Second Challenge",
              "timedOut": null,
              "duration": 97,
              "state": "passed",
              "speed": "slow",
              "pass": true,
              "fail": false,
              "pending": false,
              "context": null,
              "code": "secondpage.validateChallengeSecondHeading();\nsecondpage.removeAttributeAndClick();",
              "err": {},
              "uuid": "2bc57803-0a4d-4e1e-8156-d799ea11cdb0",
              "parentUUID": "41324811-71f8-48d6-ba1e-d432305ce62e",
              "isHook": false,
              "skipped": false
            },
            {
              "title": "Third Challenge",
              "fullTitle": "Hacking Challenges Spree Third Challenge",
              "timedOut": null,
              "duration": 92,
              "state": "passed",
              "speed": "slow",
              "pass": true,
              "fail": false,
              "pending": false,
              "context": null,
              "code": "thirdpage.validateChallengeThirdHeading();\nthirdpage.challengeText();\nthirdpage.doubleClick();",
              "err": {},
              "uuid": "cff460bb-3ce2-44d8-92e3-c9493b759948",
              "parentUUID": "41324811-71f8-48d6-ba1e-d432305ce62e",
              "isHook": false,
              "skipped": false
            },
            {
              "title": "Fourth Challenge",
              "fullTitle": "Hacking Challenges Spree Fourth Challenge",
              "timedOut": null,
              "duration": 95,
              "state": "passed",
              "speed": "slow",
              "pass": true,
              "fail": false,
              "pending": false,
              "context": null,
              "code": "fourthpage.validateChallengeFourthHeading();\nfourthpage.removeHiddenFromClass();\nfourthpage.verifyText();\nfourthpage.visibleLink().click();",
              "err": {},
              "uuid": "f12fc17b-007c-4e48-aeb1-e0e7ddb2dc8a",
              "parentUUID": "41324811-71f8-48d6-ba1e-d432305ce62e",
              "isHook": false,
              "skipped": false
            },
            {
              "title": "Fifth & Sixth Challenge",
              "fullTitle": "Hacking Challenges Spree Fifth & Sixth Challenge",
              "timedOut": null,
              "duration": 394,
              "state": "passed",
              "speed": "slow",
              "pass": true,
              "fail": false,
              "pending": false,
              "context": null,
              "code": "fifthpage.validateChallengeFifthHeading();\nfifthpage.verifyChallengeText();\nfifthpage.updateURL();\nfifthpage.clickOnUpdateLink();\nsixthpage.getValueFromLocalStorage();\nsixthpage.clickStorageSubmit();",
              "err": {},
              "uuid": "09773e7b-265b-4f9c-8bdb-9eb0915df4a6",
              "parentUUID": "41324811-71f8-48d6-ba1e-d432305ce62e",
              "isHook": false,
              "skipped": false
            },
            {
              "title": "Seventh Challenge",
              "fullTitle": "Hacking Challenges Spree Seventh Challenge",
              "timedOut": null,
              "duration": 441,
              "state": "passed",
              "speed": "slow",
              "pass": true,
              "fail": false,
              "pending": false,
              "context": null,
              "code": "seventhpage.validateChallengeFifthHeading();\nseventhpage.clickThreeTimes();\nseventhpage.enterPasswordFromConsole();\nseventhpage.clickSubmit();",
              "err": {},
              "uuid": "312c7f99-f3be-4aeb-94ba-56ba6f718ecb",
              "parentUUID": "41324811-71f8-48d6-ba1e-d432305ce62e",
              "isHook": false,
              "skipped": false
            },
            {
              "title": "Eighth Challenge",
              "fullTitle": "Hacking Challenges Spree Eighth Challenge",
              "timedOut": null,
              "duration": 92,
              "state": "passed",
              "speed": "slow",
              "pass": true,
              "fail": false,
              "pending": false,
              "context": null,
              "code": "eighthpage.validateChallengeEighthHeading();\neighthpage.removeBlocker();\neighthpage.nextChallengeLink().click();",
              "err": {},
              "uuid": "83811fbf-28c3-4821-a5f4-6dcdfe51a397",
              "parentUUID": "41324811-71f8-48d6-ba1e-d432305ce62e",
              "isHook": false,
              "skipped": false
            },
            {
              "title": "Ninth Challenge",
              "fullTitle": "Hacking Challenges Spree Ninth Challenge",
              "timedOut": null,
              "duration": 355,
              "state": "passed",
              "speed": "slow",
              "pass": true,
              "fail": false,
              "pending": false,
              "context": null,
              "code": "ninthpage.validateChallengeFifthHeading();\nninthpage.makePasswordImageVisible().should('be.visible');\nninthpage.enterPasswordAndClick();",
              "err": {},
              "uuid": "6148855c-78cb-4965-8d78-fec22974b263",
              "parentUUID": "41324811-71f8-48d6-ba1e-d432305ce62e",
              "isHook": false,
              "skipped": false
            },
            {
              "title": "Tenth Challenge",
              "fullTitle": "Hacking Challenges Spree Tenth Challenge",
              "timedOut": null,
              "duration": 1030,
              "state": "passed",
              "speed": "slow",
              "pass": true,
              "fail": false,
              "pending": false,
              "context": null,
              "code": "tenthpage.validateChallengeFifthHeading();\ntenthpage.getPasswordFromNetworkRequest();\ntenthpage.clickOnNetworkChallengeSubmit();",
              "err": {},
              "uuid": "67ae580d-0a01-4fc3-9997-470efbe62c44",
              "parentUUID": "41324811-71f8-48d6-ba1e-d432305ce62e",
              "isHook": false,
              "skipped": false
            },
            {
              "title": "Final Page",
              "fullTitle": "Hacking Challenges Spree Final Page",
              "timedOut": null,
              "duration": 12,
              "state": "passed",
              "speed": "fast",
              "pass": true,
              "fail": false,
              "pending": false,
              "context": null,
              "code": "finalpage.finalMessage();",
              "err": {},
              "uuid": "4711ba1a-2d40-460d-b94f-dd26e269eb2d",
              "parentUUID": "41324811-71f8-48d6-ba1e-d432305ce62e",
              "isHook": false,
              "skipped": false
            }
          ],
          "suites": [],
          "passes": [
            "97805081-1130-4fa3-a72e-15f8b06634d8",
            "2bc57803-0a4d-4e1e-8156-d799ea11cdb0",
            "cff460bb-3ce2-44d8-92e3-c9493b759948",
            "f12fc17b-007c-4e48-aeb1-e0e7ddb2dc8a",
            "09773e7b-265b-4f9c-8bdb-9eb0915df4a6",
            "312c7f99-f3be-4aeb-94ba-56ba6f718ecb",
            "83811fbf-28c3-4821-a5f4-6dcdfe51a397",
            "6148855c-78cb-4965-8d78-fec22974b263",
            "67ae580d-0a01-4fc3-9997-470efbe62c44",
            "4711ba1a-2d40-460d-b94f-dd26e269eb2d"
          ],
          "failures": [],
          "pending": [],
          "skipped": [],
          "duration": 3257,
          "root": false,
          "rootEmpty": false,
          "_timeout": 2000
        }
      ],
      "passes": [],
      "failures": [],
      "pending": [],
      "skipped": [],
      "duration": 0,
      "root": true,
      "rootEmpty": true,
      "_timeout": 2000
    }
  ],
  "meta": {
    "mocha": {
      "version": "7.0.1"
    },
    "mochawesome": {
      "options": {
        "quiet": false,
        "reportFilename": "mochawesome",
        "saveHtml": false,
        "saveJson": true,
        "consoleReporter": "spec",
        "useInlineDiffs": false,
        "code": true
      },
      "version": "6.3.1"
    },
    "marge": {
      "options": {
        "id": "default",
        "reportDir": "cypress/reports/mocha",
        "quite": true,
        "overwrite": false,
        "html": false,
        "json": true
      },
      "version": "5.2.0"
    }
  }
}