{
  "stats": {
    "suites": 1,
    "tests": 10,
    "passes": 10,
    "pending": 0,
    "failures": 0,
    "start": "2023-12-05T07:38:32.095Z",
    "end": "2023-12-05T07:38:36.293Z",
    "duration": 4198,
    "testsRegistered": 10,
    "passPercent": 100,
    "pendingPercent": 0,
    "other": 0,
    "hasOther": false,
    "skipped": 0,
    "hasSkipped": false
  },
  "results": [
    {
      "uuid": "73954e6f-a1eb-43a9-b87d-1ed0b88b84ad",
      "title": "",
      "fullFile": "cypress/integration/challenges.spec.js",
      "file": "cypress/integration/challenges.spec.js",
      "beforeHooks": [],
      "afterHooks": [],
      "tests": [],
      "suites": [
        {
          "uuid": "2ea2fb06-a767-4a7f-ae1b-ecccf132d375",
          "title": "Hacking Challenges Spree",
          "fullFile": "",
          "file": "",
          "beforeHooks": [],
          "afterHooks": [],
          "tests": [
            {
              "title": "First Challenge",
              "fullTitle": "Hacking Challenges Spree First Challenge",
              "timedOut": null,
              "duration": 1221,
              "state": "passed",
              "speed": "slow",
              "pass": true,
              "fail": false,
              "pending": false,
              "context": null,
              "code": "startpage.normalChallenge().click();\nfirstpage.validateChallengeOneHeading();\nfirstpage.enterPassword();\nfirstpage.submit();",
              "err": {},
              "uuid": "5864f6bf-6a70-46d0-b804-343046ba3089",
              "parentUUID": "2ea2fb06-a767-4a7f-ae1b-ecccf132d375",
              "isHook": false,
              "skipped": false
            },
            {
              "title": "Second Challenge",
              "fullTitle": "Hacking Challenges Spree Second Challenge",
              "timedOut": null,
              "duration": 301,
              "state": "passed",
              "speed": "slow",
              "pass": true,
              "fail": false,
              "pending": false,
              "context": null,
              "code": "secondpage.validateChallengeSecondHeading();\nsecondpage.removeAttributeAndClick();",
              "err": {},
              "uuid": "1460a449-cc39-4151-b497-2a21c1076afc",
              "parentUUID": "2ea2fb06-a767-4a7f-ae1b-ecccf132d375",
              "isHook": false,
              "skipped": false
            },
            {
              "title": "Third Challenge",
              "fullTitle": "Hacking Challenges Spree Third Challenge",
              "timedOut": null,
              "duration": 111,
              "state": "passed",
              "speed": "slow",
              "pass": true,
              "fail": false,
              "pending": false,
              "context": null,
              "code": "thirdpage.validateChallengeThirdHeading();\nthirdpage.challengeText();\nthirdpage.doubleClick();",
              "err": {},
              "uuid": "670580f8-e27c-4f4d-a9d9-806b1473b1a4",
              "parentUUID": "2ea2fb06-a767-4a7f-ae1b-ecccf132d375",
              "isHook": false,
              "skipped": false
            },
            {
              "title": "Fourth Challenge",
              "fullTitle": "Hacking Challenges Spree Fourth Challenge",
              "timedOut": null,
              "duration": 301,
              "state": "passed",
              "speed": "slow",
              "pass": true,
              "fail": false,
              "pending": false,
              "context": null,
              "code": "fourthpage.validateChallengeFourthHeading();\nfourthpage.removeHiddenFromClass();\nfourthpage.verifyText();\nfourthpage.visibleLink().click();",
              "err": {},
              "uuid": "75c4fbcd-763d-4f32-9a45-a5a20697fa01",
              "parentUUID": "2ea2fb06-a767-4a7f-ae1b-ecccf132d375",
              "isHook": false,
              "skipped": false
            },
            {
              "title": "Fifth & Sixth Challenge",
              "fullTitle": "Hacking Challenges Spree Fifth & Sixth Challenge",
              "timedOut": null,
              "duration": 434,
              "state": "passed",
              "speed": "slow",
              "pass": true,
              "fail": false,
              "pending": false,
              "context": null,
              "code": "fifthpage.validateChallengeFifthHeading();\nfifthpage.verifyChallengeText();\nfifthpage.updateURL();\nfifthpage.clickOnUpdateLink();\nsixthpage.getValueFromLocalStorage();\nsixthpage.clickStorageSubmit();",
              "err": {},
              "uuid": "c241a6f3-39fb-4582-92b9-dc36e1dcb0dc",
              "parentUUID": "2ea2fb06-a767-4a7f-ae1b-ecccf132d375",
              "isHook": false,
              "skipped": false
            },
            {
              "title": "Seventh Challenge",
              "fullTitle": "Hacking Challenges Spree Seventh Challenge",
              "timedOut": null,
              "duration": 591,
              "state": "passed",
              "speed": "slow",
              "pass": true,
              "fail": false,
              "pending": false,
              "context": null,
              "code": "seventhpage.validateChallengeFifthHeading();\nseventhpage.clickThreeTimes();\nseventhpage.enterPasswordFromConsole();\nseventhpage.clickSubmit();",
              "err": {},
              "uuid": "f2650f79-ac14-40f7-a986-110190d795b7",
              "parentUUID": "2ea2fb06-a767-4a7f-ae1b-ecccf132d375",
              "isHook": false,
              "skipped": false
            },
            {
              "title": "Eighth Challenge",
              "fullTitle": "Hacking Challenges Spree Eighth Challenge",
              "timedOut": null,
              "duration": 130,
              "state": "passed",
              "speed": "slow",
              "pass": true,
              "fail": false,
              "pending": false,
              "context": null,
              "code": "eighthpage.validateChallengeEighthHeading();\neighthpage.removeBlocker();\neighthpage.nextChallengeLink().click();",
              "err": {},
              "uuid": "cc6934a7-41bd-4a34-a3e0-f4a3f7ee4f80",
              "parentUUID": "2ea2fb06-a767-4a7f-ae1b-ecccf132d375",
              "isHook": false,
              "skipped": false
            },
            {
              "title": "Ninth Challenge",
              "fullTitle": "Hacking Challenges Spree Ninth Challenge",
              "timedOut": null,
              "duration": 374,
              "state": "passed",
              "speed": "slow",
              "pass": true,
              "fail": false,
              "pending": false,
              "context": null,
              "code": "ninthpage.validateChallengeFifthHeading();\nninthpage.makePasswordImageVisible().should('be.visible');\nninthpage.enterPasswordAndClick();",
              "err": {},
              "uuid": "a1df1e7d-e8f9-483e-bad7-5369535757d1",
              "parentUUID": "2ea2fb06-a767-4a7f-ae1b-ecccf132d375",
              "isHook": false,
              "skipped": false
            },
            {
              "title": "Tenth Challenge",
              "fullTitle": "Hacking Challenges Spree Tenth Challenge",
              "timedOut": null,
              "duration": 667,
              "state": "passed",
              "speed": "slow",
              "pass": true,
              "fail": false,
              "pending": false,
              "context": null,
              "code": "tenthpage.validateChallengeFifthHeading();\ntenthpage.getPasswordFromNetworkRequest();\ntenthpage.clickOnNetworkChallengeSubmit();",
              "err": {},
              "uuid": "daf460b7-5fd7-41d5-a15e-97daf020c194",
              "parentUUID": "2ea2fb06-a767-4a7f-ae1b-ecccf132d375",
              "isHook": false,
              "skipped": false
            },
            {
              "title": "Final Page",
              "fullTitle": "Hacking Challenges Spree Final Page",
              "timedOut": null,
              "duration": 14,
              "state": "passed",
              "speed": "fast",
              "pass": true,
              "fail": false,
              "pending": false,
              "context": null,
              "code": "finalpage.finalMessage();",
              "err": {},
              "uuid": "d39c89ad-71af-4efd-bf24-25d6ce5d27ae",
              "parentUUID": "2ea2fb06-a767-4a7f-ae1b-ecccf132d375",
              "isHook": false,
              "skipped": false
            }
          ],
          "suites": [],
          "passes": [
            "5864f6bf-6a70-46d0-b804-343046ba3089",
            "1460a449-cc39-4151-b497-2a21c1076afc",
            "670580f8-e27c-4f4d-a9d9-806b1473b1a4",
            "75c4fbcd-763d-4f32-9a45-a5a20697fa01",
            "c241a6f3-39fb-4582-92b9-dc36e1dcb0dc",
            "f2650f79-ac14-40f7-a986-110190d795b7",
            "cc6934a7-41bd-4a34-a3e0-f4a3f7ee4f80",
            "a1df1e7d-e8f9-483e-bad7-5369535757d1",
            "daf460b7-5fd7-41d5-a15e-97daf020c194",
            "d39c89ad-71af-4efd-bf24-25d6ce5d27ae"
          ],
          "failures": [],
          "pending": [],
          "skipped": [],
          "duration": 4144,
          "root": false,
          "rootEmpty": false,
          "_timeout": 2000
        }
      ],
      "passes": [],
      "failures": [],
      "pending": [],
      "skipped": [],
      "duration": 0,
      "root": true,
      "rootEmpty": true,
      "_timeout": 2000
    }
  ],
  "meta": {
    "mocha": {
      "version": "7.1.1"
    },
    "mochawesome": {
      "options": {
        "quiet": false,
        "reportFilename": "mochawesome",
        "saveHtml": false,
        "saveJson": true,
        "consoleReporter": "spec",
        "useInlineDiffs": false,
        "code": true
      },
      "version": "6.1.0"
    },
    "marge": {
      "options": {
        "id": "default",
        "reportDir": "cypress/reports/mocha",
        "quite": true,
        "overwrite": false,
        "html": false,
        "json": true
      },
      "version": "5.1.0"
    }
  }
}