{
  "stats": {
    "suites": 1,
    "tests": 10,
    "passes": 10,
    "pending": 0,
    "failures": 0,
    "start": "2023-12-05T10:38:57.466Z",
    "end": "2023-12-05T10:39:00.176Z",
    "duration": 2710,
    "testsRegistered": 10,
    "passPercent": 100,
    "pendingPercent": 0,
    "other": 0,
    "hasOther": false,
    "skipped": 0,
    "hasSkipped": false
  },
  "results": [
    {
      "uuid": "698d69d3-d5f1-4442-86f4-b1b65e40a3f3",
      "title": "",
      "fullFile": "cypress/integration/challenges.spec.js",
      "file": "cypress/integration/challenges.spec.js",
      "beforeHooks": [],
      "afterHooks": [],
      "tests": [],
      "suites": [
        {
          "uuid": "44d3286b-a6a0-45fa-a990-843c9f08fded",
          "title": "Hacking Challenges Spree",
          "fullFile": "",
          "file": "",
          "beforeHooks": [],
          "afterHooks": [],
          "tests": [
            {
              "title": "First Challenge",
              "fullTitle": "Hacking Challenges Spree First Challenge",
              "timedOut": null,
              "duration": 660,
              "state": "passed",
              "speed": "slow",
              "pass": true,
              "fail": false,
              "pending": false,
              "context": null,
              "code": "startpage.normalChallenge().click();\nfirstpage.validateChallengeOneHeading();\nfirstpage.enterPassword();\nfirstpage.submit();",
              "err": {},
              "uuid": "849fec0a-ed28-49c3-bfe7-60c727b34650",
              "parentUUID": "44d3286b-a6a0-45fa-a990-843c9f08fded",
              "isHook": false,
              "skipped": false
            },
            {
              "title": "Second Challenge",
              "fullTitle": "Hacking Challenges Spree Second Challenge",
              "timedOut": null,
              "duration": 101,
              "state": "passed",
              "speed": "slow",
              "pass": true,
              "fail": false,
              "pending": false,
              "context": null,
              "code": "secondpage.validateChallengeSecondHeading();\nsecondpage.removeAttributeAndClick();",
              "err": {},
              "uuid": "d8693dfd-af71-40e4-8547-5318ec82b932",
              "parentUUID": "44d3286b-a6a0-45fa-a990-843c9f08fded",
              "isHook": false,
              "skipped": false
            },
            {
              "title": "Third Challenge",
              "fullTitle": "Hacking Challenges Spree Third Challenge",
              "timedOut": null,
              "duration": 96,
              "state": "passed",
              "speed": "slow",
              "pass": true,
              "fail": false,
              "pending": false,
              "context": null,
              "code": "thirdpage.validateChallengeThirdHeading();\nthirdpage.challengeText();\nthirdpage.doubleClick();",
              "err": {},
              "uuid": "88eb4235-4ee5-4e93-af6f-d2a780496615",
              "parentUUID": "44d3286b-a6a0-45fa-a990-843c9f08fded",
              "isHook": false,
              "skipped": false
            },
            {
              "title": "Fourth Challenge",
              "fullTitle": "Hacking Challenges Spree Fourth Challenge",
              "timedOut": null,
              "duration": 94,
              "state": "passed",
              "speed": "slow",
              "pass": true,
              "fail": false,
              "pending": false,
              "context": null,
              "code": "fourthpage.validateChallengeFourthHeading();\nfourthpage.removeHiddenFromClass();\nfourthpage.verifyText();\nfourthpage.visibleLink().click();",
              "err": {},
              "uuid": "592888af-4f1a-436d-b3b6-c8cc37001618",
              "parentUUID": "44d3286b-a6a0-45fa-a990-843c9f08fded",
              "isHook": false,
              "skipped": false
            },
            {
              "title": "Fifth & Sixth Challenge",
              "fullTitle": "Hacking Challenges Spree Fifth & Sixth Challenge",
              "timedOut": null,
              "duration": 395,
              "state": "passed",
              "speed": "slow",
              "pass": true,
              "fail": false,
              "pending": false,
              "context": null,
              "code": "fifthpage.validateChallengeFifthHeading();\nfifthpage.verifyChallengeText();\nfifthpage.updateURL();\nfifthpage.clickOnUpdateLink();\nsixthpage.getValueFromLocalStorage();\nsixthpage.clickStorageSubmit();",
              "err": {},
              "uuid": "a3386740-c1b8-42e5-a603-0a2dffd246b6",
              "parentUUID": "44d3286b-a6a0-45fa-a990-843c9f08fded",
              "isHook": false,
              "skipped": false
            },
            {
              "title": "Seventh Challenge",
              "fullTitle": "Hacking Challenges Spree Seventh Challenge",
              "timedOut": null,
              "duration": 444,
              "state": "passed",
              "speed": "slow",
              "pass": true,
              "fail": false,
              "pending": false,
              "context": null,
              "code": "seventhpage.validateChallengeFifthHeading();\nseventhpage.clickThreeTimes();\nseventhpage.enterPasswordFromConsole();\nseventhpage.clickSubmit();",
              "err": {},
              "uuid": "53a81865-5f99-4acc-a457-52b613edce54",
              "parentUUID": "44d3286b-a6a0-45fa-a990-843c9f08fded",
              "isHook": false,
              "skipped": false
            },
            {
              "title": "Eighth Challenge",
              "fullTitle": "Hacking Challenges Spree Eighth Challenge",
              "timedOut": null,
              "duration": 94,
              "state": "passed",
              "speed": "slow",
              "pass": true,
              "fail": false,
              "pending": false,
              "context": null,
              "code": "eighthpage.validateChallengeEighthHeading();\neighthpage.removeBlocker();\neighthpage.nextChallengeLink().click();",
              "err": {},
              "uuid": "927aeee2-6d18-4b55-9098-f714bb6e8b8f",
              "parentUUID": "44d3286b-a6a0-45fa-a990-843c9f08fded",
              "isHook": false,
              "skipped": false
            },
            {
              "title": "Ninth Challenge",
              "fullTitle": "Hacking Challenges Spree Ninth Challenge",
              "timedOut": null,
              "duration": 357,
              "state": "passed",
              "speed": "slow",
              "pass": true,
              "fail": false,
              "pending": false,
              "context": null,
              "code": "ninthpage.validateChallengeFifthHeading();\nninthpage.makePasswordImageVisible().should('be.visible');\nninthpage.enterPasswordAndClick();",
              "err": {},
              "uuid": "df7f6a99-ca11-41b1-ae83-944dfebd6c0b",
              "parentUUID": "44d3286b-a6a0-45fa-a990-843c9f08fded",
              "isHook": false,
              "skipped": false
            },
            {
              "title": "Tenth Challenge",
              "fullTitle": "Hacking Challenges Spree Tenth Challenge",
              "timedOut": null,
              "duration": 413,
              "state": "passed",
              "speed": "slow",
              "pass": true,
              "fail": false,
              "pending": false,
              "context": null,
              "code": "tenthpage.validateChallengeFifthHeading();\ntenthpage.getPasswordFromNetworkRequest();\ntenthpage.clickOnNetworkChallengeSubmit();",
              "err": {},
              "uuid": "aa9556cc-b571-4153-9f8a-d5986975adf5",
              "parentUUID": "44d3286b-a6a0-45fa-a990-843c9f08fded",
              "isHook": false,
              "skipped": false
            },
            {
              "title": "Final Page",
              "fullTitle": "Hacking Challenges Spree Final Page",
              "timedOut": null,
              "duration": 13,
              "state": "passed",
              "speed": "fast",
              "pass": true,
              "fail": false,
              "pending": false,
              "context": null,
              "code": "finalpage.finalMessage();",
              "err": {},
              "uuid": "cc150e90-0996-453f-82b7-b257c5c28594",
              "parentUUID": "44d3286b-a6a0-45fa-a990-843c9f08fded",
              "isHook": false,
              "skipped": false
            }
          ],
          "suites": [],
          "passes": [
            "849fec0a-ed28-49c3-bfe7-60c727b34650",
            "d8693dfd-af71-40e4-8547-5318ec82b932",
            "88eb4235-4ee5-4e93-af6f-d2a780496615",
            "592888af-4f1a-436d-b3b6-c8cc37001618",
            "a3386740-c1b8-42e5-a603-0a2dffd246b6",
            "53a81865-5f99-4acc-a457-52b613edce54",
            "927aeee2-6d18-4b55-9098-f714bb6e8b8f",
            "df7f6a99-ca11-41b1-ae83-944dfebd6c0b",
            "aa9556cc-b571-4153-9f8a-d5986975adf5",
            "cc150e90-0996-453f-82b7-b257c5c28594"
          ],
          "failures": [],
          "pending": [],
          "skipped": [],
          "duration": 2667,
          "root": false,
          "rootEmpty": false,
          "_timeout": 2000
        }
      ],
      "passes": [],
      "failures": [],
      "pending": [],
      "skipped": [],
      "duration": 0,
      "root": true,
      "rootEmpty": true,
      "_timeout": 2000
    }
  ],
  "meta": {
    "mocha": {
      "version": "7.0.1"
    },
    "mochawesome": {
      "options": {
        "quiet": false,
        "reportFilename": "mochawesome",
        "saveHtml": false,
        "saveJson": true,
        "consoleReporter": "spec",
        "useInlineDiffs": false,
        "code": true
      },
      "version": "6.3.1"
    },
    "marge": {
      "options": {
        "id": "default",
        "reportDir": "cypress/reports/mocha",
        "quite": true,
        "overwrite": false,
        "html": false,
        "json": true
      },
      "version": "5.2.0"
    }
  }
}